2025-07-22 13:37:00,261 DEBUG    root            Loaded Command Group: ['gcloud', 'components']
2025-07-22 13:37:00,264 DEBUG    root            Loaded Command Group: ['gcloud', 'components', 'update']
2025-07-22 13:37:00,266 DEBUG    root            Running [gcloud.components.update] with arguments: [--compile-python: "True", --quiet: "True", COMPONENT-IDS:6: "['core', 'gcloud-deps', 'bq', 'gcloud', 'gcloud-crc32c', 'gsutil']"]
2025-07-22 13:37:00,267 INFO     ___FILE_ONLY___ Beginning update. This process may take several minutes.

2025-07-22 13:37:00,298 DEBUG    urllib3.connectionpool Starting new HTTPS connection (1): dl.google.com:443
2025-07-22 13:37:00,422 DEBUG    urllib3.connectionpool https://dl.google.com:443 "GET /dl/cloudsdk/channels/rapid/components-2.json HTTP/11" 200 239806
2025-07-22 13:37:00,433 INFO     ___FILE_ONLY___ 

2025-07-22 13:37:00,434 INFO     ___FILE_ONLY___ 
Your current Google Cloud CLI version is: 531.0.0

2025-07-22 13:37:00,434 INFO     ___FILE_ONLY___ Installing components from version: 531.0.0

2025-07-22 13:37:00,434 INFO     ___FILE_ONLY___ 

2025-07-22 13:37:00,434 DEBUG    root            Chosen display Format:table[box,title="These components will be removed."](details.display_name:label=Name:align=left,version.version_string:label=Version:align=right,data.size.size(zero="",min=1048576):label=Size:align=right)
2025-07-22 13:37:00,434 DEBUG    root            Chosen display Format:table[box,title="These components will be updated."](details.display_name:label=Name:align=left,version.version_string:label=Version:align=right,data.size.size(zero="",min=1048576):label=Size:align=right)
2025-07-22 13:37:00,435 DEBUG    root            Chosen display Format:table[box,title="These components will be installed."](details.display_name:label=Name:align=left,version.version_string:label=Version:align=right,data.size.size(zero="",min=1048576):label=Size:align=right)
2025-07-22 13:37:00,471 INFO     ___FILE_ONLY___ ┌─────────────────────────────────────────────────────────────────────────────┐
2025-07-22 13:37:00,471 INFO     ___FILE_ONLY___ 

2025-07-22 13:37:00,471 INFO     ___FILE_ONLY___ │                     These components will be installed.                     │
2025-07-22 13:37:00,471 INFO     ___FILE_ONLY___ 

2025-07-22 13:37:00,471 INFO     ___FILE_ONLY___ ├─────────────────────────────────────────────────────┬────────────┬──────────┤
2025-07-22 13:37:00,471 INFO     ___FILE_ONLY___ 

2025-07-22 13:37:00,471 INFO     ___FILE_ONLY___ │                         Name                        │  Version   │   Size   │
2025-07-22 13:37:00,471 INFO     ___FILE_ONLY___ 

2025-07-22 13:37:00,472 INFO     ___FILE_ONLY___ ├─────────────────────────────────────────────────────┼────────────┼──────────┤
2025-07-22 13:37:00,472 INFO     ___FILE_ONLY___ 

2025-07-22 13:37:00,472 INFO     ___FILE_ONLY___ │ 
2025-07-22 13:37:00,472 INFO     ___FILE_ONLY___ BigQuery Command Line Tool                         
2025-07-22 13:37:00,472 INFO     ___FILE_ONLY___  
2025-07-22 13:37:00,472 INFO     ___FILE_ONLY___ │ 
2025-07-22 13:37:00,472 INFO     ___FILE_ONLY___     2.1.20
2025-07-22 13:37:00,472 INFO     ___FILE_ONLY___  
2025-07-22 13:37:00,472 INFO     ___FILE_ONLY___ │ 
2025-07-22 13:37:00,472 INFO     ___FILE_ONLY___  1.8 MiB
2025-07-22 13:37:00,472 INFO     ___FILE_ONLY___  
2025-07-22 13:37:00,472 INFO     ___FILE_ONLY___ │
2025-07-22 13:37:00,472 INFO     ___FILE_ONLY___ 

2025-07-22 13:37:00,472 INFO     ___FILE_ONLY___ │ 
2025-07-22 13:37:00,472 INFO     ___FILE_ONLY___ BigQuery Command Line Tool (Platform Specific)     
2025-07-22 13:37:00,472 INFO     ___FILE_ONLY___  
2025-07-22 13:37:00,472 INFO     ___FILE_ONLY___ │ 
2025-07-22 13:37:00,472 INFO     ___FILE_ONLY___     2.1.17
2025-07-22 13:37:00,472 INFO     ___FILE_ONLY___  
2025-07-22 13:37:00,472 INFO     ___FILE_ONLY___ │ 
2025-07-22 13:37:00,472 INFO     ___FILE_ONLY___  < 1 MiB
2025-07-22 13:37:00,473 INFO     ___FILE_ONLY___  
2025-07-22 13:37:00,473 INFO     ___FILE_ONLY___ │
2025-07-22 13:37:00,473 INFO     ___FILE_ONLY___ 

2025-07-22 13:37:00,473 INFO     ___FILE_ONLY___ │ 
2025-07-22 13:37:00,473 INFO     ___FILE_ONLY___ Bundled Python 3.12 (Platform Specific)            
2025-07-22 13:37:00,473 INFO     ___FILE_ONLY___  
2025-07-22 13:37:00,473 INFO     ___FILE_ONLY___ │ 
2025-07-22 13:37:00,473 INFO     ___FILE_ONLY___     3.12.9
2025-07-22 13:37:00,473 INFO     ___FILE_ONLY___  
2025-07-22 13:37:00,473 INFO     ___FILE_ONLY___ │ 
2025-07-22 13:37:00,473 INFO     ___FILE_ONLY___ 89.3 MiB
2025-07-22 13:37:00,473 INFO     ___FILE_ONLY___  
2025-07-22 13:37:00,473 INFO     ___FILE_ONLY___ │
2025-07-22 13:37:00,473 INFO     ___FILE_ONLY___ 

2025-07-22 13:37:00,473 INFO     ___FILE_ONLY___ │ 
2025-07-22 13:37:00,473 INFO     ___FILE_ONLY___ Cloud Storage Command Line Tool                    
2025-07-22 13:37:00,473 INFO     ___FILE_ONLY___  
2025-07-22 13:37:00,473 INFO     ___FILE_ONLY___ │ 
2025-07-22 13:37:00,473 INFO     ___FILE_ONLY___       5.35
2025-07-22 13:37:00,473 INFO     ___FILE_ONLY___  
2025-07-22 13:37:00,473 INFO     ___FILE_ONLY___ │ 
2025-07-22 13:37:00,473 INFO     ___FILE_ONLY___ 12.4 MiB
2025-07-22 13:37:00,474 INFO     ___FILE_ONLY___  
2025-07-22 13:37:00,474 INFO     ___FILE_ONLY___ │
2025-07-22 13:37:00,474 INFO     ___FILE_ONLY___ 

2025-07-22 13:37:00,474 INFO     ___FILE_ONLY___ │ 
2025-07-22 13:37:00,474 INFO     ___FILE_ONLY___ Cloud Storage Command Line Tool (Platform Specific)
2025-07-22 13:37:00,474 INFO     ___FILE_ONLY___  
2025-07-22 13:37:00,474 INFO     ___FILE_ONLY___ │ 
2025-07-22 13:37:00,474 INFO     ___FILE_ONLY___       5.34
2025-07-22 13:37:00,474 INFO     ___FILE_ONLY___  
2025-07-22 13:37:00,474 INFO     ___FILE_ONLY___ │ 
2025-07-22 13:37:00,474 INFO     ___FILE_ONLY___  < 1 MiB
2025-07-22 13:37:00,474 INFO     ___FILE_ONLY___  
2025-07-22 13:37:00,474 INFO     ___FILE_ONLY___ │
2025-07-22 13:37:00,474 INFO     ___FILE_ONLY___ 

2025-07-22 13:37:00,474 INFO     ___FILE_ONLY___ │ 
2025-07-22 13:37:00,474 INFO     ___FILE_ONLY___ Google Cloud CLI Core Libraries (Platform Specific)
2025-07-22 13:37:00,474 INFO     ___FILE_ONLY___  
2025-07-22 13:37:00,474 INFO     ___FILE_ONLY___ │ 
2025-07-22 13:37:00,474 INFO     ___FILE_ONLY___ 2025.05.23
2025-07-22 13:37:00,474 INFO     ___FILE_ONLY___  
2025-07-22 13:37:00,474 INFO     ___FILE_ONLY___ │ 
2025-07-22 13:37:00,474 INFO     ___FILE_ONLY___  < 1 MiB
2025-07-22 13:37:00,475 INFO     ___FILE_ONLY___  
2025-07-22 13:37:00,475 INFO     ___FILE_ONLY___ │
2025-07-22 13:37:00,475 INFO     ___FILE_ONLY___ 

2025-07-22 13:37:00,475 INFO     ___FILE_ONLY___ │ 
2025-07-22 13:37:00,475 INFO     ___FILE_ONLY___ Google Cloud CRC32C Hash Tool (Platform Specific)  
2025-07-22 13:37:00,475 INFO     ___FILE_ONLY___  
2025-07-22 13:37:00,475 INFO     ___FILE_ONLY___ │ 
2025-07-22 13:37:00,475 INFO     ___FILE_ONLY___      1.0.0
2025-07-22 13:37:00,475 INFO     ___FILE_ONLY___  
2025-07-22 13:37:00,475 INFO     ___FILE_ONLY___ │ 
2025-07-22 13:37:00,475 INFO     ___FILE_ONLY___  1.5 MiB
2025-07-22 13:37:00,475 INFO     ___FILE_ONLY___  
2025-07-22 13:37:00,475 INFO     ___FILE_ONLY___ │
2025-07-22 13:37:00,475 INFO     ___FILE_ONLY___ 

2025-07-22 13:37:00,475 INFO     ___FILE_ONLY___ │ 
2025-07-22 13:37:00,475 INFO     ___FILE_ONLY___ gcloud cli dependencies (Platform Specific)        
2025-07-22 13:37:00,475 INFO     ___FILE_ONLY___  
2025-07-22 13:37:00,475 INFO     ___FILE_ONLY___ │ 
2025-07-22 13:37:00,475 INFO     ___FILE_ONLY___ 2021.04.16
2025-07-22 13:37:00,475 INFO     ___FILE_ONLY___  
2025-07-22 13:37:00,475 INFO     ___FILE_ONLY___ │ 
2025-07-22 13:37:00,475 INFO     ___FILE_ONLY___  < 1 MiB
2025-07-22 13:37:00,476 INFO     ___FILE_ONLY___  
2025-07-22 13:37:00,476 INFO     ___FILE_ONLY___ │
2025-07-22 13:37:00,476 INFO     ___FILE_ONLY___ 

2025-07-22 13:37:00,476 INFO     ___FILE_ONLY___ └─────────────────────────────────────────────────────┴────────────┴──────────┘
2025-07-22 13:37:00,476 INFO     ___FILE_ONLY___ 

2025-07-22 13:37:00,476 INFO     ___FILE_ONLY___ 

2025-07-22 13:37:00,479 DEBUG    urllib3.connectionpool Starting new HTTPS connection (1): dl.google.com:443
2025-07-22 13:37:00,645 DEBUG    urllib3.connectionpool https://dl.google.com:443 "GET /dl/cloudsdk/channels/rapid/RELEASE_NOTES HTTP/11" 200 1455233
2025-07-22 13:37:01,127 INFO     ___FILE_ONLY___ For the latest full release notes, please visit:
  https://cloud.google.com/sdk/release_notes


2025-07-22 13:37:01,128 INFO     ___FILE_ONLY___ Performing in place update...


2025-07-22 13:37:01,130 INFO     ___FILE_ONLY___ ╔════════════════════════════════════════════════════════════╗

2025-07-22 13:37:01,130 INFO     ___FILE_ONLY___ ╠═ Downloading: BigQuery Command Line Tool                  ═╣

2025-07-22 13:37:01,130 INFO     ___FILE_ONLY___ ╚
2025-07-22 13:37:01,133 DEBUG    urllib3.connectionpool Starting new HTTPS connection (1): dl.google.com:443
2025-07-22 13:37:01,258 DEBUG    urllib3.connectionpool https://dl.google.com:443 "GET /dl/cloudsdk/channels/rapid/components/google-cloud-sdk-bq-20250718154810.tar.gz HTTP/11" 200 1855318
2025-07-22 13:37:01,270 INFO     ___FILE_ONLY___ ═
2025-07-22 13:37:01,270 INFO     ___FILE_ONLY___ ═
2025-07-22 13:37:01,270 INFO     ___FILE_ONLY___ ═
2025-07-22 13:37:01,270 INFO     ___FILE_ONLY___ ═
2025-07-22 13:37:01,270 INFO     ___FILE_ONLY___ ═
2025-07-22 13:37:01,270 INFO     ___FILE_ONLY___ ═
2025-07-22 13:37:01,270 INFO     ___FILE_ONLY___ ═
2025-07-22 13:37:01,270 INFO     ___FILE_ONLY___ ═
2025-07-22 13:37:01,270 INFO     ___FILE_ONLY___ ═
2025-07-22 13:37:01,270 INFO     ___FILE_ONLY___ ═
2025-07-22 13:37:01,271 INFO     ___FILE_ONLY___ ═
2025-07-22 13:37:01,271 INFO     ___FILE_ONLY___ ═
2025-07-22 13:37:01,271 INFO     ___FILE_ONLY___ ═
2025-07-22 13:37:01,271 INFO     ___FILE_ONLY___ ═
2025-07-22 13:37:01,271 INFO     ___FILE_ONLY___ ═
2025-07-22 13:37:01,271 INFO     ___FILE_ONLY___ ═
2025-07-22 13:37:01,271 INFO     ___FILE_ONLY___ ═
2025-07-22 13:37:01,271 INFO     ___FILE_ONLY___ ═
2025-07-22 13:37:01,271 INFO     ___FILE_ONLY___ ═
2025-07-22 13:37:01,271 INFO     ___FILE_ONLY___ ═
2025-07-22 13:37:01,271 INFO     ___FILE_ONLY___ ═
2025-07-22 13:37:01,272 INFO     ___FILE_ONLY___ ═
2025-07-22 13:37:01,272 INFO     ___FILE_ONLY___ ═
2025-07-22 13:37:01,272 INFO     ___FILE_ONLY___ ═
2025-07-22 13:37:01,272 INFO     ___FILE_ONLY___ ═
2025-07-22 13:37:01,272 INFO     ___FILE_ONLY___ ═
2025-07-22 13:37:01,272 INFO     ___FILE_ONLY___ ═
2025-07-22 13:37:01,272 INFO     ___FILE_ONLY___ ═
2025-07-22 13:37:01,272 INFO     ___FILE_ONLY___ ═
2025-07-22 13:37:01,272 INFO     ___FILE_ONLY___ ═
2025-07-22 13:37:01,272 INFO     ___FILE_ONLY___ ═
2025-07-22 13:37:01,272 INFO     ___FILE_ONLY___ ═
2025-07-22 13:37:01,272 INFO     ___FILE_ONLY___ ═
2025-07-22 13:37:01,272 INFO     ___FILE_ONLY___ ═
2025-07-22 13:37:01,273 INFO     ___FILE_ONLY___ ═
2025-07-22 13:37:01,273 INFO     ___FILE_ONLY___ ═
2025-07-22 13:37:01,273 INFO     ___FILE_ONLY___ ═
2025-07-22 13:37:01,273 INFO     ___FILE_ONLY___ ═
2025-07-22 13:37:01,273 INFO     ___FILE_ONLY___ ═
2025-07-22 13:37:01,273 INFO     ___FILE_ONLY___ ═
2025-07-22 13:37:01,273 INFO     ___FILE_ONLY___ ═
2025-07-22 13:37:01,273 INFO     ___FILE_ONLY___ ═
2025-07-22 13:37:01,273 INFO     ___FILE_ONLY___ ═
2025-07-22 13:37:01,273 INFO     ___FILE_ONLY___ ═
2025-07-22 13:37:01,273 INFO     ___FILE_ONLY___ ═
2025-07-22 13:37:01,273 INFO     ___FILE_ONLY___ ═
2025-07-22 13:37:01,274 INFO     ___FILE_ONLY___ ═
2025-07-22 13:37:01,274 INFO     ___FILE_ONLY___ ═
2025-07-22 13:37:01,274 INFO     ___FILE_ONLY___ ═
2025-07-22 13:37:01,274 INFO     ___FILE_ONLY___ ═
2025-07-22 13:37:01,274 INFO     ___FILE_ONLY___ ═
2025-07-22 13:37:01,274 INFO     ___FILE_ONLY___ ═
2025-07-22 13:37:01,274 INFO     ___FILE_ONLY___ ═
2025-07-22 13:37:01,274 INFO     ___FILE_ONLY___ ═
2025-07-22 13:37:01,274 INFO     ___FILE_ONLY___ ═
2025-07-22 13:37:01,274 INFO     ___FILE_ONLY___ ═
2025-07-22 13:37:01,274 INFO     ___FILE_ONLY___ ═
2025-07-22 13:37:01,275 INFO     ___FILE_ONLY___ ═
2025-07-22 13:37:01,275 INFO     ___FILE_ONLY___ ═
2025-07-22 13:37:01,275 INFO     ___FILE_ONLY___ ═
2025-07-22 13:37:01,275 INFO     ___FILE_ONLY___ ╝

2025-07-22 13:37:01,277 INFO     ___FILE_ONLY___ ╔════════════════════════════════════════════════════════════╗

2025-07-22 13:37:01,277 INFO     ___FILE_ONLY___ ╠═ Downloading: BigQuery Command Line Tool (Platform Spe... ═╣

2025-07-22 13:37:01,277 INFO     ___FILE_ONLY___ ╚
2025-07-22 13:37:01,281 DEBUG    urllib3.connectionpool Starting new HTTPS connection (1): dl.google.com:443
2025-07-22 13:37:01,403 DEBUG    urllib3.connectionpool https://dl.google.com:443 "GET /dl/cloudsdk/channels/rapid/components/google-cloud-sdk-bq-nix-20250523104322.tar.gz HTTP/11" 200 1935
2025-07-22 13:37:01,404 INFO     ___FILE_ONLY___ ════════════════════════════════════════════════════════════
2025-07-22 13:37:01,404 INFO     ___FILE_ONLY___ ╝

2025-07-22 13:37:01,406 INFO     ___FILE_ONLY___ ╔════════════════════════════════════════════════════════════╗

2025-07-22 13:37:01,406 INFO     ___FILE_ONLY___ ╠═ Downloading: Bundled Python 3.12                         ═╣

2025-07-22 13:37:01,406 INFO     ___FILE_ONLY___ ╚
2025-07-22 13:37:01,406 INFO     ___FILE_ONLY___ ════════════════════════════════════════════════════════════
2025-07-22 13:37:01,407 INFO     ___FILE_ONLY___ ╝

2025-07-22 13:37:01,408 INFO     ___FILE_ONLY___ ╔════════════════════════════════════════════════════════════╗

2025-07-22 13:37:01,408 INFO     ___FILE_ONLY___ ╠═ Downloading: Bundled Python 3.12 (Platform Specific)     ═╣

2025-07-22 13:37:01,408 INFO     ___FILE_ONLY___ ╚
2025-07-22 13:37:01,411 DEBUG    urllib3.connectionpool Starting new HTTPS connection (1): dl.google.com:443
2025-07-22 13:37:01,536 DEBUG    urllib3.connectionpool https://dl.google.com:443 "GET /dl/cloudsdk/channels/rapid/components/google-cloud-sdk-bundled-python3-unix-linux-x86_64-20250502143716.tar.gz HTTP/11" 200 93610468
2025-07-22 13:37:01,850 INFO     ___FILE_ONLY___ ═
2025-07-22 13:37:01,852 INFO     ___FILE_ONLY___ ═
2025-07-22 13:37:01,853 INFO     ___FILE_ONLY___ ═
2025-07-22 13:37:01,855 INFO     ___FILE_ONLY___ ═
2025-07-22 13:37:01,857 INFO     ___FILE_ONLY___ ═
2025-07-22 13:37:01,858 INFO     ___FILE_ONLY___ ═
2025-07-22 13:37:01,860 INFO     ___FILE_ONLY___ ═
2025-07-22 13:37:01,862 INFO     ___FILE_ONLY___ ═
2025-07-22 13:37:01,863 INFO     ___FILE_ONLY___ ═
2025-07-22 13:37:01,865 INFO     ___FILE_ONLY___ ═
2025-07-22 13:37:01,867 INFO     ___FILE_ONLY___ ═
2025-07-22 13:37:01,868 INFO     ___FILE_ONLY___ ═
2025-07-22 13:37:01,870 INFO     ___FILE_ONLY___ ═
2025-07-22 13:37:01,871 INFO     ___FILE_ONLY___ ═
2025-07-22 13:37:01,873 INFO     ___FILE_ONLY___ ═
2025-07-22 13:37:01,875 INFO     ___FILE_ONLY___ ═
2025-07-22 13:37:01,876 INFO     ___FILE_ONLY___ ═
2025-07-22 13:37:01,878 INFO     ___FILE_ONLY___ ═
2025-07-22 13:37:01,880 INFO     ___FILE_ONLY___ ═
2025-07-22 13:37:01,881 INFO     ___FILE_ONLY___ ═
2025-07-22 13:37:01,883 INFO     ___FILE_ONLY___ ═
2025-07-22 13:37:01,884 INFO     ___FILE_ONLY___ ═
2025-07-22 13:37:01,886 INFO     ___FILE_ONLY___ ═
2025-07-22 13:37:01,888 INFO     ___FILE_ONLY___ ═
2025-07-22 13:37:01,889 INFO     ___FILE_ONLY___ ═
2025-07-22 13:37:01,891 INFO     ___FILE_ONLY___ ═
2025-07-22 13:37:01,892 INFO     ___FILE_ONLY___ ═
2025-07-22 13:37:01,894 INFO     ___FILE_ONLY___ ═
2025-07-22 13:37:01,895 INFO     ___FILE_ONLY___ ═
2025-07-22 13:37:01,897 INFO     ___FILE_ONLY___ ═
2025-07-22 13:37:01,899 INFO     ___FILE_ONLY___ ═
2025-07-22 13:37:01,900 INFO     ___FILE_ONLY___ ═
2025-07-22 13:37:01,902 INFO     ___FILE_ONLY___ ═
2025-07-22 13:37:01,903 INFO     ___FILE_ONLY___ ═
2025-07-22 13:37:01,905 INFO     ___FILE_ONLY___ ═
2025-07-22 13:37:01,907 INFO     ___FILE_ONLY___ ═
2025-07-22 13:37:01,908 INFO     ___FILE_ONLY___ ═
2025-07-22 13:37:01,910 INFO     ___FILE_ONLY___ ═
2025-07-22 13:37:01,911 INFO     ___FILE_ONLY___ ═
2025-07-22 13:37:01,913 INFO     ___FILE_ONLY___ ═
2025-07-22 13:37:01,915 INFO     ___FILE_ONLY___ ═
2025-07-22 13:37:01,916 INFO     ___FILE_ONLY___ ═
2025-07-22 13:37:01,918 INFO     ___FILE_ONLY___ ═
2025-07-22 13:37:01,919 INFO     ___FILE_ONLY___ ═
2025-07-22 13:37:01,921 INFO     ___FILE_ONLY___ ═
2025-07-22 13:37:01,922 INFO     ___FILE_ONLY___ ═
2025-07-22 13:37:01,924 INFO     ___FILE_ONLY___ ═
2025-07-22 13:37:01,926 INFO     ___FILE_ONLY___ ═
2025-07-22 13:37:01,927 INFO     ___FILE_ONLY___ ═
2025-07-22 13:37:01,929 INFO     ___FILE_ONLY___ ═
2025-07-22 13:37:01,930 INFO     ___FILE_ONLY___ ═
2025-07-22 13:37:01,932 INFO     ___FILE_ONLY___ ═
2025-07-22 13:37:01,934 INFO     ___FILE_ONLY___ ═
2025-07-22 13:37:01,935 INFO     ___FILE_ONLY___ ═
2025-07-22 13:37:01,937 INFO     ___FILE_ONLY___ ═
2025-07-22 13:37:01,938 INFO     ___FILE_ONLY___ ═
2025-07-22 13:37:01,940 INFO     ___FILE_ONLY___ ═
2025-07-22 13:37:01,942 INFO     ___FILE_ONLY___ ═
2025-07-22 13:37:01,943 INFO     ___FILE_ONLY___ ═
2025-07-22 13:37:01,945 INFO     ___FILE_ONLY___ ═
2025-07-22 13:37:01,945 INFO     ___FILE_ONLY___ ╝

2025-07-22 13:37:01,947 INFO     ___FILE_ONLY___ ╔════════════════════════════════════════════════════════════╗

2025-07-22 13:37:01,947 INFO     ___FILE_ONLY___ ╠═ Downloading: Cloud Storage Command Line Tool             ═╣

2025-07-22 13:37:01,947 INFO     ___FILE_ONLY___ ╚
2025-07-22 13:37:01,951 DEBUG    urllib3.connectionpool Starting new HTTPS connection (1): dl.google.com:443
2025-07-22 13:37:02,137 DEBUG    urllib3.connectionpool https://dl.google.com:443 "GET /dl/cloudsdk/channels/rapid/components/google-cloud-sdk-gsutil-20250627154417.tar.gz HTTP/11" 200 12962791
2025-07-22 13:37:02,182 INFO     ___FILE_ONLY___ ═
2025-07-22 13:37:02,182 INFO     ___FILE_ONLY___ ═
2025-07-22 13:37:02,182 INFO     ___FILE_ONLY___ ═
2025-07-22 13:37:02,183 INFO     ___FILE_ONLY___ ═
2025-07-22 13:37:02,183 INFO     ___FILE_ONLY___ ═
2025-07-22 13:37:02,183 INFO     ___FILE_ONLY___ ═
2025-07-22 13:37:02,184 INFO     ___FILE_ONLY___ ═
2025-07-22 13:37:02,184 INFO     ___FILE_ONLY___ ═
2025-07-22 13:37:02,184 INFO     ___FILE_ONLY___ ═
2025-07-22 13:37:02,184 INFO     ___FILE_ONLY___ ═
2025-07-22 13:37:02,185 INFO     ___FILE_ONLY___ ═
2025-07-22 13:37:02,185 INFO     ___FILE_ONLY___ ═
2025-07-22 13:37:02,185 INFO     ___FILE_ONLY___ ═
2025-07-22 13:37:02,185 INFO     ___FILE_ONLY___ ═
2025-07-22 13:37:02,186 INFO     ___FILE_ONLY___ ═
2025-07-22 13:37:02,186 INFO     ___FILE_ONLY___ ═
2025-07-22 13:37:02,186 INFO     ___FILE_ONLY___ ═
2025-07-22 13:37:02,187 INFO     ___FILE_ONLY___ ═
2025-07-22 13:37:02,187 INFO     ___FILE_ONLY___ ═
2025-07-22 13:37:02,187 INFO     ___FILE_ONLY___ ═
2025-07-22 13:37:02,187 INFO     ___FILE_ONLY___ ═
2025-07-22 13:37:02,188 INFO     ___FILE_ONLY___ ═
2025-07-22 13:37:02,188 INFO     ___FILE_ONLY___ ═
2025-07-22 13:37:02,188 INFO     ___FILE_ONLY___ ═
2025-07-22 13:37:02,188 INFO     ___FILE_ONLY___ ═
2025-07-22 13:37:02,189 INFO     ___FILE_ONLY___ ═
2025-07-22 13:37:02,189 INFO     ___FILE_ONLY___ ═
2025-07-22 13:37:02,189 INFO     ___FILE_ONLY___ ═
2025-07-22 13:37:02,190 INFO     ___FILE_ONLY___ ═
2025-07-22 13:37:02,190 INFO     ___FILE_ONLY___ ═
2025-07-22 13:37:02,190 INFO     ___FILE_ONLY___ ═
2025-07-22 13:37:02,190 INFO     ___FILE_ONLY___ ═
2025-07-22 13:37:02,191 INFO     ___FILE_ONLY___ ═
2025-07-22 13:37:02,191 INFO     ___FILE_ONLY___ ═
2025-07-22 13:37:02,191 INFO     ___FILE_ONLY___ ═
2025-07-22 13:37:02,191 INFO     ___FILE_ONLY___ ═
2025-07-22 13:37:02,192 INFO     ___FILE_ONLY___ ═
2025-07-22 13:37:02,192 INFO     ___FILE_ONLY___ ═
2025-07-22 13:37:02,192 INFO     ___FILE_ONLY___ ═
2025-07-22 13:37:02,193 INFO     ___FILE_ONLY___ ═
2025-07-22 13:37:02,193 INFO     ___FILE_ONLY___ ═
2025-07-22 13:37:02,193 INFO     ___FILE_ONLY___ ═
2025-07-22 13:37:02,193 INFO     ___FILE_ONLY___ ═
2025-07-22 13:37:02,194 INFO     ___FILE_ONLY___ ═
2025-07-22 13:37:02,194 INFO     ___FILE_ONLY___ ═
2025-07-22 13:37:02,194 INFO     ___FILE_ONLY___ ═
2025-07-22 13:37:02,195 INFO     ___FILE_ONLY___ ═
2025-07-22 13:37:02,195 INFO     ___FILE_ONLY___ ═
2025-07-22 13:37:02,195 INFO     ___FILE_ONLY___ ═
2025-07-22 13:37:02,195 INFO     ___FILE_ONLY___ ═
2025-07-22 13:37:02,196 INFO     ___FILE_ONLY___ ═
2025-07-22 13:37:02,196 INFO     ___FILE_ONLY___ ═
2025-07-22 13:37:02,196 INFO     ___FILE_ONLY___ ═
2025-07-22 13:37:02,197 INFO     ___FILE_ONLY___ ═
2025-07-22 13:37:02,197 INFO     ___FILE_ONLY___ ═
2025-07-22 13:37:02,197 INFO     ___FILE_ONLY___ ═
2025-07-22 13:37:02,197 INFO     ___FILE_ONLY___ ═
2025-07-22 13:37:02,198 INFO     ___FILE_ONLY___ ═
2025-07-22 13:37:02,198 INFO     ___FILE_ONLY___ ═
2025-07-22 13:37:02,198 INFO     ___FILE_ONLY___ ═
2025-07-22 13:37:02,198 INFO     ___FILE_ONLY___ ╝

2025-07-22 13:37:02,200 INFO     ___FILE_ONLY___ ╔════════════════════════════════════════════════════════════╗

2025-07-22 13:37:02,201 INFO     ___FILE_ONLY___ ╠═ Downloading: Cloud Storage Command Line Tool (Platfor... ═╣

2025-07-22 13:37:02,201 INFO     ___FILE_ONLY___ ╚
2025-07-22 13:37:02,204 DEBUG    urllib3.connectionpool Starting new HTTPS connection (1): dl.google.com:443
2025-07-22 13:37:02,288 DEBUG    urllib3.connectionpool https://dl.google.com:443 "GET /dl/cloudsdk/channels/rapid/components/google-cloud-sdk-gsutil-nix-20250523104322.tar.gz HTTP/11" 200 1950
2025-07-22 13:37:02,288 INFO     ___FILE_ONLY___ ════════════════════════════════════════════════════════════
2025-07-22 13:37:02,289 INFO     ___FILE_ONLY___ ╝

2025-07-22 13:37:02,291 INFO     ___FILE_ONLY___ ╔════════════════════════════════════════════════════════════╗

2025-07-22 13:37:02,291 INFO     ___FILE_ONLY___ ╠═ Downloading: Default set of gcloud commands              ═╣

2025-07-22 13:37:02,291 INFO     ___FILE_ONLY___ ╚
2025-07-22 13:37:02,291 INFO     ___FILE_ONLY___ ════════════════════════════════════════════════════════════
2025-07-22 13:37:02,291 INFO     ___FILE_ONLY___ ╝

2025-07-22 13:37:02,293 INFO     ___FILE_ONLY___ ╔════════════════════════════════════════════════════════════╗

2025-07-22 13:37:02,293 INFO     ___FILE_ONLY___ ╠═ Downloading: Google Cloud CLI Core Libraries (Platfor... ═╣

2025-07-22 13:37:02,293 INFO     ___FILE_ONLY___ ╚
2025-07-22 13:37:02,296 DEBUG    urllib3.connectionpool Starting new HTTPS connection (1): dl.google.com:443
2025-07-22 13:37:02,436 DEBUG    urllib3.connectionpool https://dl.google.com:443 "GET /dl/cloudsdk/channels/rapid/components/google-cloud-sdk-core-nix-20250523104322.tar.gz HTTP/11" 200 2325
2025-07-22 13:37:02,437 INFO     ___FILE_ONLY___ ════════════════════════════════════════════════════════════
2025-07-22 13:37:02,437 INFO     ___FILE_ONLY___ ╝

2025-07-22 13:37:02,439 INFO     ___FILE_ONLY___ ╔════════════════════════════════════════════════════════════╗

2025-07-22 13:37:02,439 INFO     ___FILE_ONLY___ ╠═ Downloading: Google Cloud CRC32C Hash Tool               ═╣

2025-07-22 13:37:02,439 INFO     ___FILE_ONLY___ ╚
2025-07-22 13:37:02,439 INFO     ___FILE_ONLY___ ════════════════════════════════════════════════════════════
2025-07-22 13:37:02,439 INFO     ___FILE_ONLY___ ╝

2025-07-22 13:37:02,441 INFO     ___FILE_ONLY___ ╔════════════════════════════════════════════════════════════╗

2025-07-22 13:37:02,441 INFO     ___FILE_ONLY___ ╠═ Downloading: Google Cloud CRC32C Hash Tool (Platform ... ═╣

2025-07-22 13:37:02,441 INFO     ___FILE_ONLY___ ╚
2025-07-22 13:37:02,444 DEBUG    urllib3.connectionpool Starting new HTTPS connection (1): dl.google.com:443
2025-07-22 13:37:02,575 DEBUG    urllib3.connectionpool https://dl.google.com:443 "GET /dl/cloudsdk/channels/rapid/components/google-cloud-sdk-gcloud-crc32c-linux-x86_64-20250613150750.tar.gz HTTP/11" 200 1525557
2025-07-22 13:37:02,585 INFO     ___FILE_ONLY___ ═
2025-07-22 13:37:02,586 INFO     ___FILE_ONLY___ ═
2025-07-22 13:37:02,586 INFO     ___FILE_ONLY___ ═
2025-07-22 13:37:02,586 INFO     ___FILE_ONLY___ ═
2025-07-22 13:37:02,586 INFO     ___FILE_ONLY___ ═
2025-07-22 13:37:02,586 INFO     ___FILE_ONLY___ ═
2025-07-22 13:37:02,586 INFO     ___FILE_ONLY___ ═
2025-07-22 13:37:02,586 INFO     ___FILE_ONLY___ ═
2025-07-22 13:37:02,586 INFO     ___FILE_ONLY___ ═
2025-07-22 13:37:02,586 INFO     ___FILE_ONLY___ ═
2025-07-22 13:37:02,586 INFO     ___FILE_ONLY___ ═
2025-07-22 13:37:02,586 INFO     ___FILE_ONLY___ ═
2025-07-22 13:37:02,586 INFO     ___FILE_ONLY___ ═
2025-07-22 13:37:02,587 INFO     ___FILE_ONLY___ ═
2025-07-22 13:37:02,587 INFO     ___FILE_ONLY___ ═
2025-07-22 13:37:02,587 INFO     ___FILE_ONLY___ ═
2025-07-22 13:37:02,587 INFO     ___FILE_ONLY___ ═
2025-07-22 13:37:02,587 INFO     ___FILE_ONLY___ ═
2025-07-22 13:37:02,587 INFO     ___FILE_ONLY___ ═
2025-07-22 13:37:02,587 INFO     ___FILE_ONLY___ ═
2025-07-22 13:37:02,587 INFO     ___FILE_ONLY___ ═
2025-07-22 13:37:02,587 INFO     ___FILE_ONLY___ ═
2025-07-22 13:37:02,587 INFO     ___FILE_ONLY___ ═
2025-07-22 13:37:02,587 INFO     ___FILE_ONLY___ ═
2025-07-22 13:37:02,587 INFO     ___FILE_ONLY___ ═
2025-07-22 13:37:02,587 INFO     ___FILE_ONLY___ ═
2025-07-22 13:37:02,588 INFO     ___FILE_ONLY___ ═
2025-07-22 13:37:02,588 INFO     ___FILE_ONLY___ ═
2025-07-22 13:37:02,588 INFO     ___FILE_ONLY___ ═
2025-07-22 13:37:02,588 INFO     ___FILE_ONLY___ ═
2025-07-22 13:37:02,588 INFO     ___FILE_ONLY___ ═
2025-07-22 13:37:02,588 INFO     ___FILE_ONLY___ ═
2025-07-22 13:37:02,588 INFO     ___FILE_ONLY___ ═
2025-07-22 13:37:02,588 INFO     ___FILE_ONLY___ ═
2025-07-22 13:37:02,588 INFO     ___FILE_ONLY___ ═
2025-07-22 13:37:02,588 INFO     ___FILE_ONLY___ ═
2025-07-22 13:37:02,588 INFO     ___FILE_ONLY___ ═
2025-07-22 13:37:02,588 INFO     ___FILE_ONLY___ ═
2025-07-22 13:37:02,588 INFO     ___FILE_ONLY___ ═
2025-07-22 13:37:02,589 INFO     ___FILE_ONLY___ ═
2025-07-22 13:37:02,589 INFO     ___FILE_ONLY___ ═
2025-07-22 13:37:02,589 INFO     ___FILE_ONLY___ ═
2025-07-22 13:37:02,589 INFO     ___FILE_ONLY___ ═
2025-07-22 13:37:02,589 INFO     ___FILE_ONLY___ ═
2025-07-22 13:37:02,589 INFO     ___FILE_ONLY___ ═
2025-07-22 13:37:02,589 INFO     ___FILE_ONLY___ ═
2025-07-22 13:37:02,589 INFO     ___FILE_ONLY___ ═
2025-07-22 13:37:02,589 INFO     ___FILE_ONLY___ ═
2025-07-22 13:37:02,589 INFO     ___FILE_ONLY___ ═
2025-07-22 13:37:02,589 INFO     ___FILE_ONLY___ ═
2025-07-22 13:37:02,589 INFO     ___FILE_ONLY___ ═
2025-07-22 13:37:02,589 INFO     ___FILE_ONLY___ ═
2025-07-22 13:37:02,590 INFO     ___FILE_ONLY___ ═
2025-07-22 13:37:02,590 INFO     ___FILE_ONLY___ ═
2025-07-22 13:37:02,590 INFO     ___FILE_ONLY___ ═
2025-07-22 13:37:02,590 INFO     ___FILE_ONLY___ ═
2025-07-22 13:37:02,590 INFO     ___FILE_ONLY___ ═
2025-07-22 13:37:02,590 INFO     ___FILE_ONLY___ ═
2025-07-22 13:37:02,590 INFO     ___FILE_ONLY___ ═
2025-07-22 13:37:02,590 INFO     ___FILE_ONLY___ ═
2025-07-22 13:37:02,590 INFO     ___FILE_ONLY___ ╝

2025-07-22 13:37:02,592 INFO     ___FILE_ONLY___ ╔════════════════════════════════════════════════════════════╗

2025-07-22 13:37:02,592 INFO     ___FILE_ONLY___ ╠═ Downloading: gcloud cli dependencies (Platform Specific) ═╣

2025-07-22 13:37:02,592 INFO     ___FILE_ONLY___ ╚
2025-07-22 13:37:02,595 DEBUG    urllib3.connectionpool Starting new HTTPS connection (1): dl.google.com:443
2025-07-22 13:37:02,636 DEBUG    urllib3.connectionpool https://dl.google.com:443 "GET /dl/cloudsdk/channels/rapid/components/google-cloud-sdk-gcloud-deps-linux-x86_64-20210416153011.tar.gz HTTP/11" 200 104
2025-07-22 13:37:02,637 INFO     ___FILE_ONLY___ ════════════════════════════════════════════════════════════
2025-07-22 13:37:02,637 INFO     ___FILE_ONLY___ ╝

2025-07-22 13:37:02,639 INFO     ___FILE_ONLY___ ╔════════════════════════════════════════════════════════════╗

2025-07-22 13:37:02,639 INFO     ___FILE_ONLY___ ╠═ Installing: BigQuery Command Line Tool                   ═╣

2025-07-22 13:37:02,639 INFO     ___FILE_ONLY___ ╚
2025-07-22 13:37:02,731 INFO     ___FILE_ONLY___ ═
2025-07-22 13:37:02,734 INFO     ___FILE_ONLY___ ═
2025-07-22 13:37:02,736 INFO     ___FILE_ONLY___ ═
2025-07-22 13:37:02,738 INFO     ___FILE_ONLY___ ═
2025-07-22 13:37:02,741 INFO     ___FILE_ONLY___ ═
2025-07-22 13:37:02,743 INFO     ___FILE_ONLY___ ═
2025-07-22 13:37:02,745 INFO     ___FILE_ONLY___ ═
2025-07-22 13:37:02,747 INFO     ___FILE_ONLY___ ═
2025-07-22 13:37:02,749 INFO     ___FILE_ONLY___ ═
2025-07-22 13:37:02,751 INFO     ___FILE_ONLY___ ═
2025-07-22 13:37:02,753 INFO     ___FILE_ONLY___ ═
2025-07-22 13:37:02,755 INFO     ___FILE_ONLY___ ═
2025-07-22 13:37:02,757 INFO     ___FILE_ONLY___ ═
2025-07-22 13:37:02,759 INFO     ___FILE_ONLY___ ═
2025-07-22 13:37:02,761 INFO     ___FILE_ONLY___ ═
2025-07-22 13:37:02,763 INFO     ___FILE_ONLY___ ═
2025-07-22 13:37:02,765 INFO     ___FILE_ONLY___ ═
2025-07-22 13:37:02,767 INFO     ___FILE_ONLY___ ═
2025-07-22 13:37:02,769 INFO     ___FILE_ONLY___ ═
2025-07-22 13:37:02,772 INFO     ___FILE_ONLY___ ═
2025-07-22 13:37:02,774 INFO     ___FILE_ONLY___ ═
2025-07-22 13:37:02,776 INFO     ___FILE_ONLY___ ═
2025-07-22 13:37:02,779 INFO     ___FILE_ONLY___ ═
2025-07-22 13:37:02,780 INFO     ___FILE_ONLY___ ═
2025-07-22 13:37:02,782 INFO     ___FILE_ONLY___ ═
2025-07-22 13:37:02,784 INFO     ___FILE_ONLY___ ═
2025-07-22 13:37:02,786 INFO     ___FILE_ONLY___ ═
2025-07-22 13:37:02,788 INFO     ___FILE_ONLY___ ═
2025-07-22 13:37:02,790 INFO     ___FILE_ONLY___ ═
2025-07-22 13:37:02,794 INFO     ___FILE_ONLY___ ═
2025-07-22 13:37:02,795 INFO     ___FILE_ONLY___ ═
2025-07-22 13:37:02,797 INFO     ___FILE_ONLY___ ═
2025-07-22 13:37:02,799 INFO     ___FILE_ONLY___ ═
2025-07-22 13:37:02,802 INFO     ___FILE_ONLY___ ═
2025-07-22 13:37:02,805 INFO     ___FILE_ONLY___ ═
2025-07-22 13:37:02,812 INFO     ___FILE_ONLY___ ═
2025-07-22 13:37:02,817 INFO     ___FILE_ONLY___ ═
2025-07-22 13:37:02,821 INFO     ___FILE_ONLY___ ═
2025-07-22 13:37:02,823 INFO     ___FILE_ONLY___ ═
2025-07-22 13:37:02,825 INFO     ___FILE_ONLY___ ═
2025-07-22 13:37:02,827 INFO     ___FILE_ONLY___ ═
2025-07-22 13:37:02,829 INFO     ___FILE_ONLY___ ═
2025-07-22 13:37:02,832 INFO     ___FILE_ONLY___ ═
2025-07-22 13:37:02,836 INFO     ___FILE_ONLY___ ═
2025-07-22 13:37:02,838 INFO     ___FILE_ONLY___ ═
2025-07-22 13:37:02,840 INFO     ___FILE_ONLY___ ═
2025-07-22 13:37:02,842 INFO     ___FILE_ONLY___ ═
2025-07-22 13:37:02,844 INFO     ___FILE_ONLY___ ═
2025-07-22 13:37:02,846 INFO     ___FILE_ONLY___ ═
2025-07-22 13:37:02,848 INFO     ___FILE_ONLY___ ═
2025-07-22 13:37:02,850 INFO     ___FILE_ONLY___ ═
2025-07-22 13:37:02,852 INFO     ___FILE_ONLY___ ═
2025-07-22 13:37:02,854 INFO     ___FILE_ONLY___ ═
2025-07-22 13:37:02,856 INFO     ___FILE_ONLY___ ═
2025-07-22 13:37:02,858 INFO     ___FILE_ONLY___ ═
2025-07-22 13:37:02,860 INFO     ___FILE_ONLY___ ═
2025-07-22 13:37:02,862 INFO     ___FILE_ONLY___ ═
2025-07-22 13:37:02,864 INFO     ___FILE_ONLY___ ═
2025-07-22 13:37:02,866 INFO     ___FILE_ONLY___ ═
2025-07-22 13:37:02,868 INFO     ___FILE_ONLY___ ═
2025-07-22 13:37:02,868 INFO     ___FILE_ONLY___ ╝

2025-07-22 13:37:02,875 INFO     ___FILE_ONLY___ ╔════════════════════════════════════════════════════════════╗

2025-07-22 13:37:02,875 INFO     ___FILE_ONLY___ ╠═ Installing: BigQuery Command Line Tool (Platform Spec... ═╣

2025-07-22 13:37:02,876 INFO     ___FILE_ONLY___ ╚
2025-07-22 13:37:02,876 INFO     ___FILE_ONLY___ ════════════════════════════════════════════════════════════
2025-07-22 13:37:02,876 INFO     ___FILE_ONLY___ ╝

2025-07-22 13:37:02,882 INFO     ___FILE_ONLY___ ╔════════════════════════════════════════════════════════════╗

2025-07-22 13:37:02,882 INFO     ___FILE_ONLY___ ╠═ Installing: Bundled Python 3.12                          ═╣

2025-07-22 13:37:02,882 INFO     ___FILE_ONLY___ ╚
2025-07-22 13:37:02,884 INFO     ___FILE_ONLY___ ════════════════════════════════════════════════════════════
2025-07-22 13:37:02,884 INFO     ___FILE_ONLY___ ╝

2025-07-22 13:37:02,886 INFO     ___FILE_ONLY___ ╔════════════════════════════════════════════════════════════╗

2025-07-22 13:37:02,886 INFO     ___FILE_ONLY___ ╠═ Installing: Bundled Python 3.12 (Platform Specific)      ═╣

2025-07-22 13:37:02,886 INFO     ___FILE_ONLY___ ╚
2025-07-22 13:37:05,111 INFO     ___FILE_ONLY___ ═
2025-07-22 13:37:05,122 INFO     ___FILE_ONLY___ ═
2025-07-22 13:37:05,133 INFO     ___FILE_ONLY___ ═
2025-07-22 13:37:05,144 INFO     ___FILE_ONLY___ ═
2025-07-22 13:37:05,156 INFO     ___FILE_ONLY___ ═
2025-07-22 13:37:05,168 INFO     ___FILE_ONLY___ ═
2025-07-22 13:37:05,180 INFO     ___FILE_ONLY___ ═
2025-07-22 13:37:05,191 INFO     ___FILE_ONLY___ ═
2025-07-22 13:37:05,203 INFO     ___FILE_ONLY___ ═
2025-07-22 13:37:05,214 INFO     ___FILE_ONLY___ ═
2025-07-22 13:37:05,225 INFO     ___FILE_ONLY___ ═
2025-07-22 13:37:05,237 INFO     ___FILE_ONLY___ ═
2025-07-22 13:37:05,248 INFO     ___FILE_ONLY___ ═
2025-07-22 13:37:05,260 INFO     ___FILE_ONLY___ ═
2025-07-22 13:37:05,271 INFO     ___FILE_ONLY___ ═
2025-07-22 13:37:05,285 INFO     ___FILE_ONLY___ ═
2025-07-22 13:37:05,296 INFO     ___FILE_ONLY___ ═
2025-07-22 13:37:05,307 INFO     ___FILE_ONLY___ ═
2025-07-22 13:37:05,319 INFO     ___FILE_ONLY___ ═
2025-07-22 13:37:05,331 INFO     ___FILE_ONLY___ ═
2025-07-22 13:37:05,342 INFO     ___FILE_ONLY___ ═
2025-07-22 13:37:05,354 INFO     ___FILE_ONLY___ ═
2025-07-22 13:37:05,365 INFO     ___FILE_ONLY___ ═
2025-07-22 13:37:05,377 INFO     ___FILE_ONLY___ ═
2025-07-22 13:37:05,388 INFO     ___FILE_ONLY___ ═
2025-07-22 13:37:05,400 INFO     ___FILE_ONLY___ ═
2025-07-22 13:37:05,411 INFO     ___FILE_ONLY___ ═
2025-07-22 13:37:05,422 INFO     ___FILE_ONLY___ ═
2025-07-22 13:37:05,434 INFO     ___FILE_ONLY___ ═
2025-07-22 13:37:05,446 INFO     ___FILE_ONLY___ ═
2025-07-22 13:37:05,457 INFO     ___FILE_ONLY___ ═
2025-07-22 13:37:05,469 INFO     ___FILE_ONLY___ ═
2025-07-22 13:37:05,480 INFO     ___FILE_ONLY___ ═
2025-07-22 13:37:05,493 INFO     ___FILE_ONLY___ ═
2025-07-22 13:37:05,508 INFO     ___FILE_ONLY___ ═
2025-07-22 13:37:05,523 INFO     ___FILE_ONLY___ ═
2025-07-22 13:37:06,386 INFO     ___FILE_ONLY___ ═
2025-07-22 13:37:06,409 INFO     ___FILE_ONLY___ ═
2025-07-22 13:37:06,906 INFO     ___FILE_ONLY___ ═
2025-07-22 13:37:06,925 INFO     ___FILE_ONLY___ ═
2025-07-22 13:37:06,946 INFO     ___FILE_ONLY___ ═
2025-07-22 13:37:06,971 INFO     ___FILE_ONLY___ ═
2025-07-22 13:37:06,989 INFO     ___FILE_ONLY___ ═
2025-07-22 13:37:07,016 INFO     ___FILE_ONLY___ ═
2025-07-22 13:37:07,035 INFO     ___FILE_ONLY___ ═
2025-07-22 13:37:07,054 INFO     ___FILE_ONLY___ ═
2025-07-22 13:37:07,069 INFO     ___FILE_ONLY___ ═
2025-07-22 13:37:07,086 INFO     ___FILE_ONLY___ ═
2025-07-22 13:37:07,172 INFO     ___FILE_ONLY___ ═
2025-07-22 13:37:07,190 INFO     ___FILE_ONLY___ ═
2025-07-22 13:37:07,329 INFO     ___FILE_ONLY___ ═
2025-07-22 13:37:07,345 INFO     ___FILE_ONLY___ ═
2025-07-22 13:37:07,361 INFO     ___FILE_ONLY___ ═
2025-07-22 13:37:07,378 INFO     ___FILE_ONLY___ ═
2025-07-22 13:37:07,392 INFO     ___FILE_ONLY___ ═
2025-07-22 13:37:07,410 INFO     ___FILE_ONLY___ ═
2025-07-22 13:37:07,426 INFO     ___FILE_ONLY___ ═
2025-07-22 13:37:07,443 INFO     ___FILE_ONLY___ ═
2025-07-22 13:37:07,471 INFO     ___FILE_ONLY___ ═
2025-07-22 13:37:07,951 INFO     ___FILE_ONLY___ ═
2025-07-22 13:37:07,951 INFO     ___FILE_ONLY___ ╝

2025-07-22 13:37:08,003 INFO     ___FILE_ONLY___ ╔════════════════════════════════════════════════════════════╗

2025-07-22 13:37:08,003 INFO     ___FILE_ONLY___ ╠═ Installing: Cloud Storage Command Line Tool              ═╣

2025-07-22 13:37:08,003 INFO     ___FILE_ONLY___ ╚
2025-07-22 13:37:08,552 INFO     ___FILE_ONLY___ ═
2025-07-22 13:37:08,564 INFO     ___FILE_ONLY___ ═
2025-07-22 13:37:08,574 INFO     ___FILE_ONLY___ ═
2025-07-22 13:37:08,584 INFO     ___FILE_ONLY___ ═
2025-07-22 13:37:08,594 INFO     ___FILE_ONLY___ ═
2025-07-22 13:37:08,630 INFO     ___FILE_ONLY___ ═
2025-07-22 13:37:08,642 INFO     ___FILE_ONLY___ ═
2025-07-22 13:37:08,658 INFO     ___FILE_ONLY___ ═
2025-07-22 13:37:08,673 INFO     ___FILE_ONLY___ ═
2025-07-22 13:37:08,688 INFO     ___FILE_ONLY___ ═
2025-07-22 13:37:08,706 INFO     ___FILE_ONLY___ ═
2025-07-22 13:37:08,717 INFO     ___FILE_ONLY___ ═
2025-07-22 13:37:08,728 INFO     ___FILE_ONLY___ ═
2025-07-22 13:37:08,736 INFO     ___FILE_ONLY___ ═
2025-07-22 13:37:08,746 INFO     ___FILE_ONLY___ ═
2025-07-22 13:37:08,762 INFO     ___FILE_ONLY___ ═
2025-07-22 13:37:08,775 INFO     ___FILE_ONLY___ ═
2025-07-22 13:37:08,784 INFO     ___FILE_ONLY___ ═
2025-07-22 13:37:08,795 INFO     ___FILE_ONLY___ ═
2025-07-22 13:37:08,806 INFO     ___FILE_ONLY___ ═
2025-07-22 13:37:08,815 INFO     ___FILE_ONLY___ ═
2025-07-22 13:37:08,827 INFO     ___FILE_ONLY___ ═
2025-07-22 13:37:08,837 INFO     ___FILE_ONLY___ ═
2025-07-22 13:37:08,847 INFO     ___FILE_ONLY___ ═
2025-07-22 13:37:08,857 INFO     ___FILE_ONLY___ ═
2025-07-22 13:37:08,866 INFO     ___FILE_ONLY___ ═
2025-07-22 13:37:08,876 INFO     ___FILE_ONLY___ ═
2025-07-22 13:37:08,889 INFO     ___FILE_ONLY___ ═
2025-07-22 13:37:08,904 INFO     ___FILE_ONLY___ ═
2025-07-22 13:37:08,916 INFO     ___FILE_ONLY___ ═
2025-07-22 13:37:08,927 INFO     ___FILE_ONLY___ ═
2025-07-22 13:37:08,948 INFO     ___FILE_ONLY___ ═
2025-07-22 13:37:08,963 INFO     ___FILE_ONLY___ ═
2025-07-22 13:37:08,982 INFO     ___FILE_ONLY___ ═
2025-07-22 13:37:08,996 INFO     ___FILE_ONLY___ ═
2025-07-22 13:37:09,012 INFO     ___FILE_ONLY___ ═
2025-07-22 13:37:09,021 INFO     ___FILE_ONLY___ ═
2025-07-22 13:37:09,031 INFO     ___FILE_ONLY___ ═
2025-07-22 13:37:09,065 INFO     ___FILE_ONLY___ ═
2025-07-22 13:37:09,079 INFO     ___FILE_ONLY___ ═
2025-07-22 13:37:09,090 INFO     ___FILE_ONLY___ ═
2025-07-22 13:37:09,100 INFO     ___FILE_ONLY___ ═
2025-07-22 13:37:09,109 INFO     ___FILE_ONLY___ ═
2025-07-22 13:37:09,120 INFO     ___FILE_ONLY___ ═
2025-07-22 13:37:09,130 INFO     ___FILE_ONLY___ ═
2025-07-22 13:37:09,139 INFO     ___FILE_ONLY___ ═
2025-07-22 13:37:09,148 INFO     ___FILE_ONLY___ ═
2025-07-22 13:37:09,157 INFO     ___FILE_ONLY___ ═
2025-07-22 13:37:09,166 INFO     ___FILE_ONLY___ ═
2025-07-22 13:37:09,178 INFO     ___FILE_ONLY___ ═
2025-07-22 13:37:09,192 INFO     ___FILE_ONLY___ ═
2025-07-22 13:37:09,205 INFO     ___FILE_ONLY___ ═
2025-07-22 13:37:09,217 INFO     ___FILE_ONLY___ ═
2025-07-22 13:37:09,230 INFO     ___FILE_ONLY___ ═
2025-07-22 13:37:09,242 INFO     ___FILE_ONLY___ ═
2025-07-22 13:37:09,256 INFO     ___FILE_ONLY___ ═
2025-07-22 13:37:09,277 INFO     ___FILE_ONLY___ ═
2025-07-22 13:37:09,297 INFO     ___FILE_ONLY___ ═
2025-07-22 13:37:09,313 INFO     ___FILE_ONLY___ ═
2025-07-22 13:37:09,330 INFO     ___FILE_ONLY___ ═
2025-07-22 13:37:09,330 INFO     ___FILE_ONLY___ ╝

2025-07-22 13:37:09,361 INFO     ___FILE_ONLY___ ╔════════════════════════════════════════════════════════════╗

2025-07-22 13:37:09,361 INFO     ___FILE_ONLY___ ╠═ Installing: Cloud Storage Command Line Tool (Platform... ═╣

2025-07-22 13:37:09,361 INFO     ___FILE_ONLY___ ╚
2025-07-22 13:37:09,362 INFO     ___FILE_ONLY___ ════════════════════════════════════════════════════════════
2025-07-22 13:37:09,362 INFO     ___FILE_ONLY___ ╝

2025-07-22 13:37:09,366 INFO     ___FILE_ONLY___ ╔════════════════════════════════════════════════════════════╗

2025-07-22 13:37:09,366 INFO     ___FILE_ONLY___ ╠═ Installing: Default set of gcloud commands               ═╣

2025-07-22 13:37:09,366 INFO     ___FILE_ONLY___ ╚
2025-07-22 13:37:09,368 INFO     ___FILE_ONLY___ ════════════════════════════════════════════════════════════
2025-07-22 13:37:09,369 INFO     ___FILE_ONLY___ ╝

2025-07-22 13:37:09,370 INFO     ___FILE_ONLY___ ╔════════════════════════════════════════════════════════════╗

2025-07-22 13:37:09,370 INFO     ___FILE_ONLY___ ╠═ Installing: Google Cloud CLI Core Libraries (Platform... ═╣

2025-07-22 13:37:09,370 INFO     ___FILE_ONLY___ ╚
2025-07-22 13:37:09,371 INFO     ___FILE_ONLY___ ══════════════════════════════
2025-07-22 13:37:09,371 INFO     ___FILE_ONLY___ ══════════════════════════════
2025-07-22 13:37:09,372 INFO     ___FILE_ONLY___ ╝

2025-07-22 13:37:09,375 INFO     ___FILE_ONLY___ ╔════════════════════════════════════════════════════════════╗

2025-07-22 13:37:09,376 INFO     ___FILE_ONLY___ ╠═ Installing: Google Cloud CRC32C Hash Tool                ═╣

2025-07-22 13:37:09,376 INFO     ___FILE_ONLY___ ╚
2025-07-22 13:37:09,378 INFO     ___FILE_ONLY___ ════════════════════════════════════════════════════════════
2025-07-22 13:37:09,378 INFO     ___FILE_ONLY___ ╝

2025-07-22 13:37:09,379 INFO     ___FILE_ONLY___ ╔════════════════════════════════════════════════════════════╗

2025-07-22 13:37:09,380 INFO     ___FILE_ONLY___ ╠═ Installing: Google Cloud CRC32C Hash Tool (Platform S... ═╣

2025-07-22 13:37:09,380 INFO     ___FILE_ONLY___ ╚
2025-07-22 13:37:09,418 INFO     ___FILE_ONLY___ ══════════════════════════════
2025-07-22 13:37:09,418 INFO     ___FILE_ONLY___ ══════════════════════════════
2025-07-22 13:37:09,418 INFO     ___FILE_ONLY___ ╝

2025-07-22 13:37:09,423 INFO     ___FILE_ONLY___ ╔════════════════════════════════════════════════════════════╗

2025-07-22 13:37:09,423 INFO     ___FILE_ONLY___ ╠═ Installing: gcloud cli dependencies (Platform Specific)  ═╣

2025-07-22 13:37:09,423 INFO     ___FILE_ONLY___ ╚
2025-07-22 13:37:09,424 INFO     ___FILE_ONLY___ ════════════════════════════════════════════════════════════
2025-07-22 13:37:09,424 INFO     ___FILE_ONLY___ ╝

2025-07-22 13:37:09,428 DEBUG    root            Updating notification cache...
2025-07-22 13:37:09,429 INFO     ___FILE_ONLY___ 

2025-07-22 13:37:09,431 INFO     ___FILE_ONLY___ Performing post processing steps...
2025-07-22 13:37:09,431 DEBUG    root            Executing command: ['/tools/google-cloud-sdk/bin/gcloud', 'components', 'post-process']
2025-07-22 13:37:17,666 DEBUG    ___FILE_ONLY___ 
2025-07-22 13:37:17,666 DEBUG    ___FILE_ONLY___ 
2025-07-22 13:37:17,708 INFO     root            descriptor_list: [{'universeDomain': 'googleapis.com', 'universeShortName': '', 'authenticationDomain': 'auth.cloud.google.com', 'projectPrefix': '', 'cloudWebDomain': 'cloud.google.com', 'documentationDomain': 'cloud.google.com', 'version': '1.0.0', 'state': 'primary', 'artifactRegistryDomain': 'pkg.dev'}]
2025-07-22 13:37:17,709 INFO     ___FILE_ONLY___ 
Update done!


2025-07-22 13:37:17,711 DEBUG    root            Chosen display Format:none
2025-07-22 13:37:17,712 INFO     root            Display format: "none"
